<?xml version="1.0" encoding="UTF-8"?>
<testng-results total="1" passed="1" failed="0" skipped="0">
  <reporter-output>
    <line>
      <![CDATA[No. of rows are::8]]>
    </line>
    <line>
      <![CDATA[Login success::user  http://flights.qedgetech.com/user/ranga.html]]>
    </line>
    <line>
      <![CDATA[Login not success::user  http://flights.qedgetech.com/]]>
    </line>
    <line>
      <![CDATA[Login success::user  http://flights.qedgetech.com/user/ranga.html]]>
    </line>
    <line>
      <![CDATA[Login not success::user  http://flights.qedgetech.com/]]>
    </line>
    <line>
      <![CDATA[Login success::user  http://flights.qedgetech.com/user/ranga.html]]>
    </line>
    <line>
      <![CDATA[Login success::user  http://flights.qedgetech.com/user/ranga.html]]>
    </line>
    <line>
      <![CDATA[Login not success::user  http://flights.qedgetech.com/]]>
    </line>
    <line>
      <![CDATA[Login success::user  http://flights.qedgetech.com/user/ranga.html]]>
    </line>
  </reporter-output>
  <suite started-at="2023-06-22T13:36:09Z" name="Default suite" finished-at="2023-06-22T13:37:24Z" duration-ms="74958">
    <groups>
    </groups>
    <test started-at="2023-06-22T13:36:09Z" name="Default test" finished-at="2023-06-22T13:37:24Z" duration-ms="74958">
      <class name="driverFactory.DriverScript">
        <test-method is-config="true" signature="setUp()[pri:0, instance:driverFactory.DriverScript@4278284b]" started-at="2023-06-22T19:06:09Z" name="setUp" finished-at="2023-06-22T19:06:34Z" duration-ms="25446" status="PASS">
          <reporter-output>
          </reporter-output>
        </test-method> <!-- setUp -->
        <test-method signature="startTest()[pri:0, instance:driverFactory.DriverScript@4278284b]" started-at="2023-06-22T19:06:34Z" name="startTest" finished-at="2023-06-22T19:07:21Z" duration-ms="46548" status="PASS">
          <reporter-output>
            <line>
              <![CDATA[No. of rows are::8]]>
            </line>
            <line>
              <![CDATA[Login success::user  http://flights.qedgetech.com/user/ranga.html]]>
            </line>
            <line>
              <![CDATA[Login not success::user  http://flights.qedgetech.com/]]>
            </line>
            <line>
              <![CDATA[Login success::user  http://flights.qedgetech.com/user/ranga.html]]>
            </line>
            <line>
              <![CDATA[Login not success::user  http://flights.qedgetech.com/]]>
            </line>
            <line>
              <![CDATA[Login success::user  http://flights.qedgetech.com/user/ranga.html]]>
            </line>
            <line>
              <![CDATA[Login success::user  http://flights.qedgetech.com/user/ranga.html]]>
            </line>
            <line>
              <![CDATA[Login not success::user  http://flights.qedgetech.com/]]>
            </line>
            <line>
              <![CDATA[Login success::user  http://flights.qedgetech.com/user/ranga.html]]>
            </line>
          </reporter-output>
        </test-method> <!-- startTest -->
        <test-method is-config="true" signature="tearDown()[pri:0, instance:driverFactory.DriverScript@4278284b]" started-at="2023-06-22T19:07:21Z" name="tearDown" finished-at="2023-06-22T19:07:24Z" duration-ms="2904" status="PASS">
          <reporter-output>
          </reporter-output>
        </test-method> <!-- tearDown -->
      </class> <!-- driverFactory.DriverScript -->
    </test> <!-- Default test -->
  </suite> <!-- Default suite -->
</testng-results>
